#
# There is insufficient memory for the Java Runtime Environment to continue.
# Native memory allocation (malloc) failed to allocate 1048576 bytes for AllocateHeap
# Possible reasons:
#   The system is out of physical RAM or swap space
#   In 32 bit mode, the process size limit was hit
# Possible solutions:
#   Reduce memory load on the system
#   Increase physical memory or swap space
#   Check if swap backing store is full
#   Use 64 bit Java on a 64 bit OS
#   Decrease Java heap size (-Xmx/-Xms)
#   Decrease number of Java threads
#   Decrease Java thread stack sizes (-Xss)
#   Set larger code cache with -XX:ReservedCodeCacheSize=
# This output file may be truncated or incomplete.
#
#  Out of Memory Error (memory/allocation.inline.hpp:61), pid=17144, tid=0x0000000000001c84
#
# JRE version:  (8.0_161-b12) (build )
# Java VM: Java HotSpot(TM) 64-Bit Server VM (25.161-b12 mixed mode windows-amd64 compressed oops)
# Failed to write core dump. Minidumps are not enabled by default on client versions of Windows
#

---------------  T H R E A D  ---------------

Current thread (0x00000000030a2800):  JavaThread "Unknown thread" [_thread_in_vm, id=7300, stack(0x0000000002fa0000,0x00000000030a0000)]

Stack: [0x0000000002fa0000,0x00000000030a0000]
[error occurred during error reporting (printing stack bounds), id 0xc0000005]

Native frames: (J=compiled Java code, j=interpreted, Vv=VM code, C=native code)


---------------  P R O C E S S  ---------------

Java Threads: ( => current thread )

Other Threads:

=>0x00000000030a2800 (exited) JavaThread "Unknown thread" [_thread_in_vm, id=7300, stack(0x0000000002fa0000,0x00000000030a0000)]

VM state:not at safepoint (normal execution)

VM Mutex/Monitor currently owned by a thread: None

Heap:
 PSYoungGen      total 28672K, used 491K [0x00000000e0800000, 0x00000000e2800000, 0x0000000100000000)
  eden space 24576K, 2% used [0x00000000e0800000,0x00000000e087ae20,0x00000000e2000000)
  from space 4096K, 0% used [0x00000000e2400000,0x00000000e2400000,0x00000000e2800000)
  to   space 4096K, 0% used [0x00000000e2000000,0x00000000e2000000,0x00000000e2400000)
 ParOldGen       total 65536K, used 0K [0x00000000a1800000, 0x00000000a5800000, 0x00000000e0800000)
  object space 65536K, 0% used [0x00000000a1800000,0x00000000a1800000,0x00000000a5800000)
 Metaspace       used 770K, capacity 4480K, committed 4480K, reserved 1056768K
  class space    used 75K, capacity 384K, committed 384K, reserved 1048576K

Card table byte_map: [0x0000000012560000,0x0000000012860000] byte_map_base: 0x0000000012054000

Marking Bits: (ParMarkBitMap*) 0x000000006a15f860
 Begin Bits: [0x0000000012e60000, 0x0000000014600000)
 End Bits:   [0x0000000014600000, 0x0000000015da0000)

Polling page: 0x0000000001650000

CodeCache: size=245760Kb used=328Kb max_used=328Kb free=245431Kb
 bounds [0x00000000031a0000, 0x0000000003410000, 0x00000000121a0000]
 total_blobs=58 nmethods=0 adapters=38
 compilation: enabled

Compilation events (0 events):
No events

GC Heap History (0 events):
No events

Deoptimization events (0 events):
No events

Classes redefined (0 events):
No events

Internal exceptions (0 events):
No events

Events (10 events):
Event: 0.086 loading class java/lang/Short
Event: 0.087 loading class java/lang/Short done
Event: 0.087 loading class java/lang/Integer
Event: 0.087 loading class java/lang/Integer done
Event: 0.087 loading class java/lang/Long
Event: 0.087 loading class java/lang/Long done
Event: 0.089 loading class java/lang/NullPointerException
Event: 0.089 loading class java/lang/NullPointerException done
Event: 0.089 loading class java/lang/ArithmeticException
Event: 0.089 loading class java/lang/ArithmeticException done


Dynamic libraries:
0x00007ff6bd1c0000 - 0x00007ff6bd1f7000 	C:\Program Files\Java\jdk1.8.0_161\bin\javaw.exe
0x00007ffa06d20000 - 0x00007ffa06f01000 	C:\WINDOWS\SYSTEM32\ntdll.dll
0x00007ffa04330000 - 0x00007ffa043e2000 	C:\WINDOWS\System32\KERNEL32.DLL
0x00007ffa032f0000 - 0x00007ffa03563000 	C:\WINDOWS\System32\KERNELBASE.dll
0x00007ffa067f0000 - 0x00007ffa06891000 	C:\WINDOWS\System32\ADVAPI32.dll
0x00007ffa04640000 - 0x00007ffa046de000 	C:\WINDOWS\System32\msvcrt.dll
0x00007ffa044a0000 - 0x00007ffa044fb000 	C:\WINDOWS\System32\sechost.dll
0x00007ffa04510000 - 0x00007ffa04634000 	C:\WINDOWS\System32\RPCRT4.dll
0x00007ffa06630000 - 0x00007ffa067c0000 	C:\WINDOWS\System32\USER32.dll
0x00007ffa03e50000 - 0x00007ffa03e70000 	C:\WINDOWS\System32\win32u.dll
0x00007ffa06cc0000 - 0x00007ffa06ce8000 	C:\WINDOWS\System32\GDI32.dll
0x00007ffa030f0000 - 0x00007ffa03282000 	C:\WINDOWS\System32\gdi32full.dll
0x00007ffa03db0000 - 0x00007ffa03e4f000 	C:\WINDOWS\System32\msvcp_win.dll
0x00007ffa040b0000 - 0x00007ffa041aa000 	C:\WINDOWS\System32\ucrtbase.dll
0x00007ff9fac10000 - 0x00007ff9fae79000 	C:\WINDOWS\WinSxS\amd64_microsoft.windows.common-controls_6595b64144ccf1df_6.0.17134.165_none_fb429645306569ac\COMCTL32.dll
0x00007ffa06990000 - 0x00007ffa06cb3000 	C:\WINDOWS\System32\combase.dll
0x00007ffa03620000 - 0x00007ffa0369a000 	C:\WINDOWS\System32\bcryptPrimitives.dll
0x00007ffa067c0000 - 0x00007ffa067ed000 	C:\WINDOWS\System32\IMM32.DLL
0x000000006a9a0000 - 0x000000006aa72000 	C:\Program Files\Java\jdk1.8.0_161\jre\bin\msvcr100.dll
0x0000000069940000 - 0x000000006a1df000 	C:\Program Files\Java\jdk1.8.0_161\jre\bin\server\jvm.dll
0x00007ffa04500000 - 0x00007ffa04508000 	C:\WINDOWS\System32\PSAPI.DLL
0x00007ff9f91d0000 - 0x00007ff9f91d9000 	C:\WINDOWS\SYSTEM32\WSOCK32.dll
0x00007ffa002b0000 - 0x00007ffa002d3000 	C:\WINDOWS\SYSTEM32\WINMM.dll
0x00007ffa04700000 - 0x00007ffa0476c000 	C:\WINDOWS\System32\WS2_32.dll
0x00007ff9f34e0000 - 0x00007ff9f34ea000 	C:\WINDOWS\SYSTEM32\VERSION.dll
0x00007ffa00280000 - 0x00007ffa002aa000 	C:\WINDOWS\SYSTEM32\WINMMBASE.dll
0x00007ffa03e70000 - 0x00007ffa03eb9000 	C:\WINDOWS\System32\cfgmgr32.dll
0x000000006a830000 - 0x000000006a83f000 	C:\Program Files\Java\jdk1.8.0_161\jre\bin\verify.dll
0x000000006a800000 - 0x000000006a829000 	C:\Program Files\Java\jdk1.8.0_161\jre\bin\java.dll
0x000000006a7e0000 - 0x000000006a7f6000 	C:\Program Files\Java\jdk1.8.0_161\jre\bin\zip.dll

VM Arguments:
jvm_args: -Dfile.encoding=UTF-8 
java_command: Demo.Interface
java_class_path (initial): C:\Program Files\Java\jdk1.8.0_161\jre\lib\resources.jar;C:\Program Files\Java\jdk1.8.0_161\jre\lib\rt.jar;C:\Program Files\Java\jdk1.8.0_161\jre\lib\jsse.jar;C:\Program Files\Java\jdk1.8.0_161\jre\lib\jce.jar;C:\Program Files\Java\jdk1.8.0_161\jre\lib\charsets.jar;C:\Program Files\Java\jdk1.8.0_161\jre\lib\jfr.jar;C:\Program Files\Java\jdk1.8.0_161\jre\lib\ext\access-bridge-64.jar;C:\Program Files\Java\jdk1.8.0_161\jre\lib\ext\cldrdata.jar;C:\Program Files\Java\jdk1.8.0_161\jre\lib\ext\dnsns.jar;C:\Program Files\Java\jdk1.8.0_161\jre\lib\ext\jaccess.jar;C:\Program Files\Java\jdk1.8.0_161\jre\lib\ext\jfxrt.jar;C:\Program Files\Java\jdk1.8.0_161\jre\lib\ext\localedata.jar;C:\Program Files\Java\jdk1.8.0_161\jre\lib\ext\nashorn.jar;C:\Program Files\Java\jdk1.8.0_161\jre\lib\ext\sunec.jar;C:\Program Files\Java\jdk1.8.0_161\jre\lib\ext\sunjce_provider.jar;C:\Program Files\Java\jdk1.8.0_161\jre\lib\ext\sunmscapi.jar;C:\Program Files\Java\jdk1.8.0_161\jre\lib\ext\sunpkcs11.jar;C:\Program Files\Java\jdk1.8.0_161\jre\lib\ext\zipfs.jar;E:\do_an\BaiTapLon\bin;C:\Users\Le Ni\Downloads\sqljdbc_6.0\enu\jre8\sqljdbc42.jar
Launcher Type: SUN_STANDARD

Environment Variables:
JAVA_HOME=C:\Program Files\Java\jdk1.8.0_161
PATH=C:/Program Files/Java/jdk1.8.0_161/bin/../jre/bin/server;C:/Program Files/Java/jdk1.8.0_161/bin/../jre/bin;C:/Program Files/Java/jdk1.8.0_161/bin/../jre/lib/amd64;C:\Program Files\Java\jdk1.8.0_161\bin;C:\Program Files\Java\jdk1.8.0_161;C:\WINDOWS\system32;C:\WINDOWS;C:\WINDOWS\System32\Wbem;C:\WINDOWS\System32\WindowsPowerShell\v1.0\;C:\WINDOWS\System32\OpenSSH\;C:\Program Files\dotnet\;C:\Program Files\Microsoft SQL Server\120\Tools\Binn\;C:\Program Files\Microsoft SQL Server\Client SDK\ODBC\110\Tools\Binn\;C:\Program Files (x86)\Microsoft SQL Server\120\Tools\Binn\;C:\Program Files\Microsoft SQL Server\120\DTS\Binn\;C:\Program Files (x86)\Microsoft SQL Server\120\Tools\Binn\ManagementStudio\;C:\Program Files (x86)\Microsoft SQL Server\120\DTS\Binn\;C:\Users\Le Ni\AppData\Local\Microsoft\WindowsApps;;C:\Program Files\Microsoft VS Code\bin;C:\WINDOWS\System32;
USERNAME=Le Ni
OS=Windows_NT
PROCESSOR_IDENTIFIER=Intel64 Family 6 Model 58 Stepping 9, GenuineIntel



---------------  S Y S T E M  ---------------

OS: Windows 10.0 , 64 bit Build 17134 (10.0.17134.1)

CPU:total 4 (initial active 4) (2 cores per cpu, 2 threads per core) family 6 model 58 stepping 9, cmov, cx8, fxsr, mmx, sse, sse2, sse3, ssse3, sse4.1, sse4.2, popcnt, avx, clmul, erms, ht, tsc, tscinvbit, tscinv

Memory: 4k page, physical 6186076k(561672k free), swap 25060444k(5760k free)

vm_info: Java HotSpot(TM) 64-Bit Server VM (25.161-b12) for windows-amd64 JRE (1.8.0_161-b12), built on Dec 19 2017 17:52:25 by "java_re" with MS VC++ 10.0 (VS2010)

time: Mon Jul 30 16:56:26 2018
elapsed time: 0 seconds (0d 0h 0m 0s)

